<?xml version="1.0" encoding="UTF-8"?>
<testsuites name="jest tests" tests="11" failures="0" errors="0" time="4.712">
  <testsuite name="Sample Data Validation" errors="0" failures="0" skipped="0" timestamp="2025-07-02T11:03:53" time="2.199" tests="1">
    <testcase classname="Sample Data Validation › basic sample file validation" name="should validate all sample files are valid JSON" time="0.023">
    </testcase>
  </testsuite>
  <testsuite name="SubstackClient Integration Tests" errors="0" failures="0" skipped="0" timestamp="2025-07-02T11:03:53" time="4.163" tests="10">
    <testcase classname="SubstackClient Integration Tests › testConnectivity" name="should test API connectivity against mock server" time="0.267">
    </testcase>
    <testcase classname="SubstackClient Integration Tests › ownProfile" name="should retrieve authenticated user profile" time="0.252">
    </testcase>
    <testcase classname="SubstackClient Integration Tests › profileForId" name="should retrieve profile by user ID using mock server" time="0.253">
    </testcase>
    <testcase classname="SubstackClient Integration Tests › profileForSlug" name="should retrieve profile by slug using mock server" time="0.251">
    </testcase>
    <testcase classname="SubstackClient Integration Tests › profileForSlug" name="should handle empty slug parameter" time="0.01">
    </testcase>
    <testcase classname="SubstackClient Integration Tests › postForId" name="should attempt to retrieve post by ID" time="0.253">
    </testcase>
    <testcase classname="SubstackClient Integration Tests › noteForId" name="should attempt to retrieve note by ID" time="0.252">
    </testcase>
    <testcase classname="SubstackClient Integration Tests › commentForId" name="should attempt to retrieve comment by ID" time="0.252">
    </testcase>
    <testcase classname="SubstackClient Integration Tests › commentForId" name="should validate comment ID format" time="0.001">
    </testcase>
    <testcase classname="SubstackClient Integration Tests › HTTP server behavior" name="should have integration server available" time="0.001">
    </testcase>
  </testsuite>
</testsuites>